<?xml version="1.0" encoding="UTF-8"?>
<!-- Generated by org.testng.reporters.JUnitReportReporter -->
<testsuite hostname="INBook_X1" failures="0" tests="7" name="cucumberOptions.testNGRunner" time="0.198" errors="0" timestamp="2024-04-06T14:07:30 IST" skipped="0">
  <testcase classname="cucumberOptions.testNGRunner" name="runScenario" time="0.017"/>
  <testcase classname="cucumberOptions.testNGRunner" name="runScenario" time="0.017"/>
  <testcase classname="cucumberOptions.testNGRunner" name="runScenario" time="0.019"/>
  <testcase classname="cucumberOptions.testNGRunner" name="runScenario" time="0.009"/>
  <testcase classname="cucumberOptions.testNGRunner" name="runScenario" time="0.021"/>
  <testcase classname="cucumberOptions.testNGRunner" name="runScenario" time="0.095"/>
  <testcase classname="cucumberOptions.testNGRunner" name="runScenario" time="0.020"/>
</testsuite> <!-- cucumberOptions.testNGRunner -->
